<?xml version="1.0" encoding="UTF-8"?>
<!-- Generated by org.testng.reporters.JUnitXMLReporter -->
<testsuite ignored="0" hostname="ANURAG" failures="1" tests="3" name="Error Validations" time="18.08" errors="0" timestamp="2025-07-06T13:00:46 IST">
  <testcase classname="seleniumAutomation.tests.ErrorValidationsTest" name="loginErrorValidation" time="1.03">
    <skipped/>
  </testcase> <!-- loginErrorValidation -->
  <testcase classname="seleniumAutomation.tests.ErrorValidationsTest" name="loginErrorValidation" time="0.971">
    <failure type="java.lang.AssertionError" message="expected [Incorrect email password.] but found [Incorrect email or password.]">
      <![CDATA[java.lang.AssertionError: expected [Incorrect email password.] but found [Incorrect email or password.]
at seleniumAutomation.tests.ErrorValidationsTest.loginErrorValidation(ErrorValidationsTest.java:21)
at java.base/java.util.ArrayList.forEach(ArrayList.java:1511)
at java.base/java.util.concurrent.FutureTask.run(FutureTask.java:264)
at java.base/java.util.concurrent.ThreadPoolExecutor.runWorker(ThreadPoolExecutor.java:1136)
at java.base/java.util.concurrent.ThreadPoolExecutor$Worker.run(ThreadPoolExecutor.java:635)
at java.base/java.lang.Thread.run(Thread.java:840)
... Removed 23 stack frames]]>
    </failure>
  </testcase> <!-- loginErrorValidation -->
  <testcase classname="seleniumAutomation.tests.ErrorValidationsTest" name="productPageErrorValidation" time="0.662"/>
</testsuite> <!-- Error Validations -->
